
Eval Config:
USE_PARALLEL         : True                          
NUM_PARALLEL_CORES   : 2                             
BREAK_ON_ERROR       : True                          
RETURN_ON_ERROR      : False                         
LOG_ON_ERROR         : /home/seanachan/TempRMOT/TrackEval/error_log.txt
PRINT_RESULTS        : True                          
PRINT_ONLY_COMBINED  : False                         
PRINT_CONFIG         : True                          
TIME_PROGRESS        : True                          
DISPLAY_LESS_PROGRESS : False                         
OUTPUT_SUMMARY       : True                          
OUTPUT_EMPTY_CLASSES : True                          
OUTPUT_DETAILED      : True                          
PLOT_CURVES          : False                         

MotChallenge2DBox Config:
PRINT_CONFIG         : True                          
GT_FOLDER            : /home/seanachan/TempRMOT/datasets/refer-kitti/gt_template/
TRACKERS_FOLDER      : /home/seanachan/TempRMOT/exps/exp37_stage_d_bare/results_epoch50
OUTPUT_FOLDER        : None                          
TRACKERS_TO_EVAL     : ['/home/seanachan/TempRMOT/exps/exp37_stage_d_bare/results_epoch50']
CLASSES_TO_EVAL      : ['pedestrian']                
BENCHMARK            : MOT17                         
SPLIT_TO_EVAL        : train                         
INPUT_AS_ZIP         : False                         
DO_PREPROC           : True                          
TRACKER_SUB_FOLDER   : data                          
OUTPUT_SUB_FOLDER    :                               
TRACKER_DISPLAY_NAMES : None                          
SEQMAP_FOLDER        : None                          
SEQMAP_FILE          : /home/seanachan/TempRMOT/datasets/data_path/seqmap-v1.txt
SEQ_INFO             : None                          
GT_LOC_FORMAT        : {gt_folder}/{video_id}/{expression_id}/gt.txt
SKIP_SPLIT_FOL       : True                          

Evaluating 1 tracker(s) on 150 sequence(s) for 1 class(es) on MotChallenge2DBox dataset using the following metrics: HOTA, Count


Evaluating /home/seanachan/TempRMOT/exps/exp37_stage_d_bare/results_epoch50


All sequences for /home/seanachan/TempRMOT/exps/exp37_stage_d_bare/results_epoch50 finished in 3.67 seconds

HOTA: /home/seanachan/TempRMOT/exps/exp37_stage_d_bare/results_epoch50-pedestrianHOTA      DetA      AssA      DetRe     DetPr     AssRe     AssPr     LocA      RHOTA     HOTA(0)   LocA(0)   HOTALocA(0)
0005+black-cars-in-the-left        60.261    53.625    67.902    80.652    59.805    76.639    84.158    90.31     73.979    66.632    87.868    58.549    
0005+black-vehicles-in-the-left    59.391    53.265    66.393    78.632    60.519    75.147    84.413    90.368    72.232    65.549    88.406    57.949    
0005+cars-in-black                 76.198    71.389    81.401    82.058    81.408    84.035    91.672    91.571    81.725    82.867    90.334    74.857    
0005+cars-in-front-of-ours         93.159    92.849    93.47     94.897    93.628    94.897    94.258    92.947    94.15     98.994    92.758    91.825    
0005+cars-in-left                  65.471    62.373    68.783    73.876    77.753    80.985    81.658    91.927    71.281    71.11     90.793    64.563    
0005+cars-in-light-color           65.055    56.86     74.441    64.17     81.281    77.615    92.678    92.687    69.107    69.939    91.556    64.034    
0005+cars-in-right                 53.774    47.791    60.514    48.785    90.602    62.13     90.724    89.598    54.298    60.852    88.512    53.862    
0005+cars-in-silver                44.755    31.03     64.552    47.097    47.097    65.731    94.728    92.895    55.132    47.736    92.208    44.016    
0005+cars-in-the-counter-direction-of-ours56.608    46.35     69.151    67.307    58.737    71.149    92.517    92.734    68.22     60.469    92.125    55.707    
0005+cars-in-the-same-direction-of-ours68.796    50.691    93.377    54.764    84.037    94.862    94.223    92.904    71.485    73.056    92.709    67.73     
0005+counter-direction-cars-in-the-left58.793    48.327    71.563    75.618    56.353    81.489    85.63     92.895    73.562    63.146    91.519    57.79     
0005+counter-direction-vehicles-in-the-left57.699    47.2      70.571    73.06     56.301    79.921    86.203    92.97     71.803    61.908    91.563    56.685    
0005+left-cars-in-black            59.667    53.222    67.058    78.466    60.555    76.138    84.062    90.291    72.518    66.302    87.91     58.286    
0005+left-cars-in-light-color      65.515    58.428    73.474    75.159    71.215    85.685    83.521    93.348    74.304    69.674    92.192    64.234    
0005+left-cars-in-silver           42.159    27.515    64.613    41.069    45.152    65.732    94.897    94.295    51.495    44.045    94.052    41.425    
0005+left-cars-in-the-counter-direction-of-ours55.397    45.533    67.44     75.043    52.899    79.615    82.457    93.267    71.138    58.512    92.699    54.24     
0005+left-cars-in-the-same-direction-of-ours0         0         0         0         0         0         0         100       0         0         100       0         
0005+left-cars-which-are-parking   21.649    9.3606    50.22     54.201    10.146    68.394    72.534    92.923    52.106    23.577    82.053    19.346    
0005+left-vehicles-in-black        60.69     54.038    68.364    80.782    60.215    76.914    84.377    90.045    74.287    67.835    86.683    58.802    
0005+left-vehicles-in-light-color  65.437    58.33     73.42     75.416    70.803    85.693    83.442    93.352    74.403    69.652    92.198    64.217    
0005+left-vehicles-in-silver       42.156    27.426    64.815    40.957    45.029    66.369    93.178    94.103    51.504    44.17     93.81     41.436    
0005+left-vehicles-in-the-counter-direction-of-ours56.671    47.019    68.345    76.242    54.278    80.513    82.81     93.162    72.184    60.01     92.544    55.535    
0005+left-vehicles-in-the-same-direction-of-ours0         0         0         0         0         0         0         100       0         0         100       0         
0005+left-vehicles-which-are-parking23.51     10.022    55.368    59.972    10.716    75.034    73.435    92.354    57.528    25.708    80.864    20.789    
0005+light-color-cars-in-the-left  66.467    59.509    74.248    75.296    72.691    85.575    84.845    93.464    74.76     70.719    92.433    65.367    
0005+light-color-cars-in-the-right 52.235    46.202    59.064    47.053    90.486    60.476    90.598    89.299    52.687    59.047    88.205    52.082    
0005+light-color-vehicles-in-the-left61.719    53.536    71.158    67.992    70.519    82.473    84.897    93.701    69.548    65.502    92.603    60.657    
0005+light-color-vehicles-in-the-right52.235    46.202    59.064    47.053    90.486    60.476    90.598    89.214    52.687    59.047    88.106    52.024    
0005+moving-cars                   63.036    46.575    85.329    84.291    50.114    86.923    95.085    93.078    84.803    66.918    92.764    62.076    
0005+moving-vehicles               62.605    45.947    85.314    84.166    49.44     86.877    95.118    93.09     84.733    66.415    92.779    61.619    
0005+right-cars-in-light-color     54.121    47.812    61.27     48.737    90.253    62.803    90.373    89.226    54.61     61.399    88.127    54.109    
0005+right-cars-in-silver          36.037    36.037    36.037    36.427    92.281    36.427    92.281    90.743    36.226    39.474    90.086    35.56     
0005+right-vehicles-in-light-color 54.121    47.812    61.27     48.737    90.253    62.803    90.373    89.254    54.61     61.399    88.153    54.125    
0005+right-vehicles-in-silver      36.184    36.184    36.184    36.565    92.632    36.565    92.632    90.815    36.369    39.474    90.189    35.601    
0005+same-direction-cars-in-the-left0         0         0         0         0         0         0         100       0         0         100       0         
0005+same-direction-vehicles-in-the-left0         0         0         0         0         0         0         100       0         0         100       0         
0005+silver-cars-in-right          28.944    28.944    28.944    29.224    92.544    29.224    92.544    90.627    29.081    31.579    89.941    28.402    
0005+silver-cars-in-the-left       40.814    25.613    65.046    42.917    38.605    68.494    89.035    93.946    52.823    42.809    93.598    40.068    
0005+silver-vehicles-in-right      26.337    26.337    26.337    26.593    91.866    26.593    91.866    90.455    26.461    28.947    89.684    25.961    
0005+silver-vehicles-in-the-left   40.831    25.366    65.733    43.449    37.642    69.083    89.68     93.961    53.432    42.779    93.618    40.049    
0005+vehicles-in-black             76.504    71.798    81.583    82.285    81.763    84.266    91.727    91.608    81.93     83.156    90.382    75.159    
0005+vehicles-in-front-of-ours     93.091    92.627    93.557    94.951    93.368    94.951    94.312    92.952    94.222    98.829    92.766    91.679    
0005+vehicles-in-left              67.928    65.105    70.928    75.422    80.176    83.002    82.373    91.884    73.138    73.967    90.705    67.092    
0005+vehicles-in-light-color       65.446    57.876    74.014    64.314    83.152    76.592    93.49     92.885    68.986    70.062    92.355    64.705    
0005+vehicles-in-right             58.473    58.332    58.658    62.652    83.536    60.507    87.571    87.991    60.617    68.085    86.043    58.583    
0005+vehicles-in-silver            43.899    30.448    63.296    45.31     47.593    64.435    94.738    92.861    53.548    46.865    92.159    43.19     
0005+vehicles-in-the-counter-direction-of-ours57.675    47.309    70.33     70.135    58.135    73.072    91.161    92.698    70.23     61.677    91.932    56.701    
0005+vehicles-in-the-same-direction-of-ours68.828    50.665    93.511    54.825    83.88     94.969    94.329    92.972    71.577    72.99     92.783    67.722    
0011+black-cars-in-right           63.29     50.663    79.104    76.617    59.461    81.414    95.019    93.501    77.847    68.388    91.945    62.879    
0011+black-cars-in-the-left        59.136    49.765    70.312    73.292    58.801    73.612    89.238    89.667    71.775    67.986    87.557    59.527    
0011+black-vehicles-in-right       63.997    51.874    78.993    76.347    61.32     81.275    95.086    93.555    77.654    69.066    92.03     63.561    
0011+black-vehicles-in-the-left    58.114    51.32     65.849    73.022    61.195    68.91     87.705    89.721    69.331    66.435    87.706    58.267    
0011+cars-in-black                 61.669    51.058    74.676    73.729    60.907    77.563    92.298    90.747    74.168    69.233    88.745    61.441    
0011+cars-in-left                  57.444    53.041    62.301    58.845    81.391    66.03     88.062    91.025    60.543    63.929    89.166    57.003    
0011+cars-in-light-color           52.302    43.398    63.072    54.286    67.078    64.744    92.761    92.012    58.495    57.348    88.283    50.628    
0011+cars-in-right                 56.446    48.106    66.297    54.177    79.737    70.768    86.74     92.328    59.929    62.316    88.956    55.433    
0011+cars-in-the-counter-direction-of-ours57.899    54.16     61.953    58.973    83.806    64.318    89.753    91.095    60.443    64.347    89.466    57.568    
0011+cars-in-the-same-direction-of-ours62.038    39.552    97.321    98.666    39.702    98.666    98.137    96.034    97.971    63.264    95.987    60.725    
0011+cars-in-white                 2.1506    0.66561   6.9824    2.7247    0.85289   10.996    10.803    66.345    4.3487    15.037    17.254    2.5946    
0011+cars-which-are-faster-than-ours35.388    27.422    45.668    82.652    29.055    82.652    50.374    95.718    61.434    36.101    95.661    34.534    
0011+counter-direction-cars-in-the-left59.092    55.021    63.545    60.369    83.16     66.927    88.592    91.244    61.934    65.323    89.695    58.591    
0011+counter-direction-vehicles-in-the-left59.209    54.768    64.089    60.341    82.654    67.411    88.705    91.286    62.184    65.42     89.881    58.8      
0011+left-cars-in-black            57.889    51.2      65.488    73.068    60.962    68.244    88.16     89.679    69.162    66.403    87.635    58.192    
0011+left-cars-in-light-color      56.95     49.349    65.723    58.67     73.661    66.825    94.149    92.3      62.08     61.424    91.213    56.026    
0011+left-cars-in-the-counter-direction-of-ours58.414    53.928    63.353    59.683    81.95     66.396    88.698    91.22     61.488    64.632    89.467    57.824    
0011+left-cars-in-white            1.8911    0.64454   5.5673    2.0526    0.88859   7.3308    9.3301    71.016    3.373     17.337    13.239    2.2952    
0011+left-cars-which-are-parking   54.257    45.565    64.778    56.574    67.918    67.315    89.728    90.144    60.509    61.925    81.75     50.624    
0011+left-vehicles-in-black        59.36     51.591    68.323    73.087    61.524    71.401    89.698    89.711    70.651    68.236    87.665    59.82     
0011+left-vehicles-in-light-color  56.791    49.197    65.558    58.495    73.603    66.666    94.142    92.321    61.91     61.266    91.226    55.891    
0011+left-vehicles-in-the-counter-direction-of-ours59.096    55.256    63.288    60.255    83.884    66.293    89.197    91.195    61.749    65.409    89.631    58.627    
0011+left-vehicles-in-white        1.8894    0.65049   5.5058    2.1842    0.87896   7.8008    8.7368    70.697    3.4605    16.736    13.609    2.2776    
0011+left-vehicles-which-are-parking54.776    46.62     64.528    57.753    68.572    66.973    90.212    90.216    61.019    62.417    82.242    51.333    
0011+light-color-cars-in-the-left  56.257    48.597    65.127    57.488    73.969    66.196    94.413    92.425    61.172    60.555    91.352    55.318    
0011+light-color-cars-in-the-right 54.221    46.927    62.835    61.55     65.331    66.525    89.812    91.622    62.14     62.074    84.697    52.575    
0011+light-color-vehicles-in-the-left56.464    48.965    65.113    57.488    74.814    66.175    94.421    92.454    61.165    60.776    91.382    55.538    
0011+light-color-vehicles-in-the-right52.489    45.305    60.998    58.386    65.789    65.334    86.734    91.387    59.626    60.161    84.489    50.83     
0011+moving-cars                   38.214    24.948    58.535    34.676    46.969    87.315    65.068    95.896    45.05     38.967    95.824    37.34     
0011+moving-pedestrian             9.7478    5.0381    18.968    15.618    6.8748    19.131    89.246    85.487    17.167    11.11     82.654    9.1824    
0011+moving-vehicles               38.762    25.13     59.791    35.576    46.019    89.688    65.268    95.874    46.118    39.529    95.806    37.872    
0011+parking-cars                  52.64     43.588    63.679    53.286    69.069    71.328    84.939    91.334    58.238    58.739    85.41     50.169    
0011+parking-vehicles              53.355    43.835    65.039    53.56     69.221    73.171    85.075    91.416    59.011    59.533    85.777    51.066    
0011+pedestrian                    43.14     29.392    63.568    34.374    61.533    66.319    80.527    83.835    46.694    51.328    81.225    41.692    
0011+pedestrian-who-are-walking    56.216    48.181    65.657    56.522    70.27     67.444    84.334    85.733    60.859    66.802    83.697    55.912    
0011+people                        42.131    29.83     59.78     34.773    62.248    66.914    78.133    83.907    45.536    50.302    80.987    40.738    
0011+people-who-are-walking        45.907    38.434    54.912    52.117    55.753    60.626    74.165    85.81     53.443    53.949    83.787    45.202    
0011+persons                       42.826    28.055    65.475    32.668    61.517    73.732    78.133    85.031    46.223    50.352    82.931    41.757    
0011+persons-who-are-walking       49.403    44.403    55.044    55.549    63.882    61.985    71.23     85.721    55.237    58.369    83.525    48.752    
0011+right-cars-in-black           64.86     53.706    78.376    74.662    65.136    80.299    95.444    93.701    76.493    69.61     92.287    64.241    
0011+right-cars-in-light-color     54.375    46.966    63.139    60.772    66.316    67.226    87.905    91.521    61.897    62.021    85.054    52.751    
0011+right-cars-in-white           0.16372   0.066203  0.40486   0.40486   0.077973  0.40486   5.2632    95.014    0.40486   3.1106    5.2613    0.16366   
0011+right-cars-which-are-parking  57.291    50.844    64.63     57.384    80.323    68.686    87.782    92.398    60.896    63.694    87.843    55.951    
0011+right-vehicles-in-black       64.2      52.891    77.971    75.016    63.688    80.163    94.955    93.693    76.475    68.995    92.263    63.656    
0011+right-vehicles-in-light-color 46.513    38.134    57.078    55.085    54.559    61.262    83.348    91.308    55.976    52.836    81.743    43.189    
0011+right-vehicles-in-white       0.075684  0.028297  0.20243   0.20243   0.03269   0.20243   5.2632    95.021    0.20243   1.438     5.3952    0.077583  
0011+right-vehicles-which-are-parking58.461    52.845    64.728    58.323    83.473    68.575    88.61     92.544    61.441    64.421    89.724    57.802    
0011+turning-cars                  14.321    7.0251    29.195    29.298    8.4514    29.298    97.661    94.765    29.245    14.697    94.69     13.917    
0011+turning-vehicles              14.93     7.6353    29.195    29.298    9.3505    29.298    97.661    94.786    29.245    15.323    94.708    14.512    
0011+vehicles-in-black             61.279    50.496    74.551    72.911    60.722    77.137    93.039    91.099    73.693    68.245    89.414    61.021    
0011+vehicles-in-left              59.572    54.017    65.767    59.215    83.036    69.049    89.762    91.124    62.403    66.289    89.396    59.259    
0011+vehicles-in-light-color       54.609    46.205    64.576    56.658    70.008    65.859    94.231    92.034    60.472    59.939    88.613    53.114    
0011+vehicles-in-right             57.86     51.388    65.203    56.904    82.692    69.931    87.148    92.425    60.911    63.961    89.248    57.084    
0011+vehicles-in-the-counter-direction-of-ours58.282    54.078    62.875    58.976    83.605    65.381    89.591    91.124    60.892    64.659    89.532    57.89     
0011+vehicles-in-the-same-direction-of-ours61.508    38.901    97.267    98.624    39.05     98.624    98.095    96.024    97.922    62.755    95.976    60.23     
0011+vehicles-in-white             2.1614    0.6676    7.032     2.748     0.85427   11.09     10.896    65.946    4.3827    14.996    17.271    2.59      
0011+vehicles-which-are-faster-than-ours33.173    22.379    49.174    89.55     22.944    89.55     51.964    95.572    66.353    33.952    95.505    32.426    
0011+walking-pedestrian            30.697    20.387    46.336    47.483    25.546    49.929    75.506    84.796    46.864    36.111    82.228    29.693    
0011+white-cars-in-the-left        1.6643    0.51589   5.3875    2.1316    0.65386   7.6128    8.5263    73.121    3.3817    15.063    13.501    2.0336    
0011+white-cars-in-the-right       0         0         0         0         0         0         0         100       0         0         100       0         
0011+white-vehicles-in-the-left    1.6776    0.52414   5.3875    2.1316    0.66716   7.6128    8.5263    73.101    3.3817    15.184    13.494    2.049     
0011+white-vehicles-in-the-right   0         0         0         0         0         0         0         100       0         0         100       0         
0013+cars-in-the-left              64.526    64.526    64.526    81.053    67.544    81.053    67.544    82.63     72.231    83.333    79.49     66.242    
0013+cars-in-the-right             84.398    73.158    97.368    98.246    73.684    98.246    98.246    96.818    97.776    86.603    96.747    83.786    
0013+females                       39.4      29.578    52.817    47.993    40.573    65.392    67.483    81.778    50.264    51.028    76.389    38.979    
0013+females-in-the-left           46.059    39.142    54.527    59.407    49.261    66.493    67.033    82.379    56.827    60.225    77.084    46.424    
0013+females-in-the-right          23.291    8.4801    64.117    29.532    10.449    70.698    73.504    81.943    43.446    29.843    78.596    23.455    
0013+left-pedestrian-who-are-walking39.391    30.571    51.01     56.298    37.673    60.103    70.11     82.058    53.507    51.078    77.112    39.387    
0013+left-people-who-are-walking   40.406    31.223    52.501    61.719    36.458    64.669    65.598    81.934    56.863    52.266    77.24     40.37     
0013+left-persons-who-are-walking  37.654    27.472    51.959    55.667    33.251    61.01     70.508    81.855    53.666    48.623    77.016    37.448    
0013+males                         31.627    16.188    62.184    39.726    20.663    68.995    77.062    81.087    49.599    39.321    77.614    30.519    
0013+males-in-the-left             21.29     7.9019    58.583    61.46     8.1947    68.919    69.643    80.79     59.449    26.103    76.434    19.952    
0013+males-in-the-right            36.969    22.332    61.223    43.881    29.726    75.505    68.284    82.486    51.829    46.011    79.105    36.397    
0013+men                           32.369    15.877    66.069    41.307    19.914    78.38     72.88     83.195    52.221    39.327    80.603    31.699    
0013+men-in-the-left               21.724    8.357     57.443    62.988    8.6591    67.347    69.117    80.957    59.709    26.636    76.723    20.436    
0013+men-in-the-right              40.966    25.838    65.084    47.953    33.755    72.073    76.071    81.428    55.845    51.346    78.011    40.055    
0013+moving-left-pedestrian        36.125    29.717    44.001    52.218    38.302    52.845    64.224    82.37     47.904    47.036    77.202    36.313    
0013+moving-right-pedestrian       39.96     29.47     54.357    41.615    45.891    60.302    74.916    80.934    47.537    50.951    76.445    38.95     
0013+pedestrian-in-the-left        49.861    46.403    54.003    61.156    59.727    68.835    63.982    82.81     57.378    63.725    77.989    49.699    
0013+pedestrian-in-the-right       44.781    30.249    66.321    42.33     47.342    76.058    73.421    82.132    52.975    56.789    78.244    44.434    
0013+people-in-the-left            49.904    45.529    55.127    57.059    62.494    68.261    66.689    82.527    55.991    64.293    77.571    49.873    
0013+people-in-the-right           41.319    26.632    64.125    38.632    42.989    76.208    70.975    82.528    49.754    51.946    79.026    41.051    
0013+persons-in-the-left           49.443    44.946    54.8      59.233    58.977    69.526    65.519    82.467    56.887    62.842    78.132    49.1      
0013+persons-in-the-right          39.618    25.013    62.768    36.19     41.736    73.384    72.597    82.448    47.647    49.719    79.213    39.384    
0013+right-pedestrian-who-are-walking29.041    15.471    54.517    24.844    27.726    59.242    76.894    82.467    36.801    35.856    79.799    28.613    
0013+right-people-who-are-walking  35.064    18.544    66.32     35.107    26.983    74.474    74.688    82.742    48.23     43.574    79.94     34.833    
0013+right-persons-who-are-walking 40.708    27.256    60.921    38.747    44.125    67.628    75.309    81.477    48.57     51.021    77.884    39.738    
0013+standing-females              15.605    8.1385    30.024    19.524    12.051    37.978    60.441    83.68     24.177    18.937    77.883    14.749    
0013+standing-males                0         0         0         0         0         0         0         100       0         0         100       0         
0013+standing-men                  17.937    5.0117    65.149    22.519    5.9936    70.072    78.972    80.692    38.046    21.983    75.491    16.595    
0013+standing-women                23.021    11.532    46.071    38.018    13.945    64.535    55.362    84.261    41.816    27.463    78.719    21.618    
0013+vehicles-in-the-left          64.149    63.141    65.173    81.684    65.874    81.684    68.07     82.967    72.876    81.978    80.04     65.615    
0013+vehicles-in-the-right         84.398    73.158    97.368    98.246    73.684    98.246    98.246    96.854    97.776    86.603    96.784    83.818    
0013+walking-females               21.539    13.976    33.239    16.795    41.987    34.571    74.32     80.628    23.617    28.685    72.72     20.86     
0013+walking-males                 0         0         0         0         0         0         0         100       0         0         100       0         
0013+walking-men                   20.134    8.7295    46.547    32.413    10.48     48.751    81.178    81.699    38.81     24.769    78.496    19.443    
0013+walking-women                 32.833    23.231    46.657    45.546    30.577    55.392    69.012    81.996    46.009    42.381    77.143    32.694    
0013+women                         34.265    22.224    53.15     41.266    30.919    63.973    68.473    82.344    46.743    42.439    78.775    33.431    
0013+women-carrying-a-bag          36.949    26.883    51.018    48.98     35.038    62.61     67.127    81.428    49.925    47.883    76.299    36.535    
0013+women-holding-a-bag           36.169    26.341    49.865    48.567    34.42     61.826    65.226    81.815    49.154    46.71     77.131    36.028    
0013+women-in-the-left             47.585    42.067    54.129    61.289    52.595    69.498    63.768    82.662    57.521    61.827    77.667    48.019    
0013+women-in-the-right            24.622    9.0936    66.817    27.741    11.681    73.635    74.103    81.834    42.986    31.664    78.377    24.818    
COMBINED                           51.388    39.176    67.561    57.249    54.126    73.442    86.964    90.472    62.172    57.194    87.285    49.922    

Count: /home/seanachan/TempRMOT/exps/exp37_stage_d_bare/results_epoch50-pedestrianDets      GT_Dets   IDs       GT_IDs    
0005+black-cars-in-the-left        383       284       17        10        
0005+black-vehicles-in-the-left    369       284       18        10        
0005+cars-in-black                 631       626       19        11        
0005+cars-in-front-of-ours         299       295       3         1         
0005+cars-in-left                  705       742       28        28        
0005+cars-in-light-color           345       437       19        15        
0005+cars-in-right                 28        52        2         2         
0005+cars-in-silver                271       271       16        9         
0005+cars-in-the-counter-direction-of-ours644       562       30        18        
0005+cars-in-the-same-direction-of-ours333       511       9         8         
0005+counter-direction-cars-in-the-left577       430       28        18        
0005+counter-direction-vehicles-in-the-left558       430       28        18        
0005+left-cars-in-black            368       284       18        10        
0005+left-cars-in-light-color      324       307       17        13        
0005+left-cars-in-silver           171       188       14        8         
0005+left-cars-in-the-counter-direction-of-ours610       430       28        18        
0005+left-cars-in-the-same-direction-of-ours53        216       8         7         
0005+left-cars-which-are-parking   609       114       27        6         
0005+left-vehicles-in-black        381       284       18        10        
0005+left-vehicles-in-light-color  327       307       17        13        
0005+left-vehicles-in-silver       171       188       14        8         
0005+left-vehicles-in-the-counter-direction-of-ours604       430       27        18        
0005+left-vehicles-in-the-same-direction-of-ours56        216       8         7         
0005+left-vehicles-which-are-parking638       114       27        6         
0005+light-color-cars-in-the-left  318       307       17        13        
0005+light-color-cars-in-the-right 26        50        2         2         
0005+light-color-vehicles-in-the-left296       307       18        13        
0005+light-color-vehicles-in-the-right26        50        2         2         
0005+moving-cars                   989       588       30        11        
0005+moving-vehicles               1001      588       30        11        
0005+right-cars-in-light-color     27        50        2         2         
0005+right-cars-in-silver          15        38        1         1         
0005+right-vehicles-in-light-color 27        50        2         2         
0005+right-vehicles-in-silver      15        38        1         1         
0005+same-direction-cars-in-the-left20        216       8         7         
0005+same-direction-vehicles-in-the-left13        216       7         7         
0005+silver-cars-in-right          12        38        1         1         
0005+silver-cars-in-the-left       209       188       13        8         
0005+silver-vehicles-in-right      11        38        1         1         
0005+silver-vehicles-in-the-left   217       188       14        8         
0005+vehicles-in-black             630       626       19        11        
0005+vehicles-in-front-of-ours     300       295       4         1         
0005+vehicles-in-left              698       742       27        28        
0005+vehicles-in-light-color       338       437       19        15        
0005+vehicles-in-right             39        52        3         2         
0005+vehicles-in-silver            258       271       16        9         
0005+vehicles-in-the-counter-direction-of-ours678       562       30        18        
0005+vehicles-in-the-same-direction-of-ours334       511       10        8         
0011+black-cars-in-right           326       253       16        3         
0011+black-cars-in-the-left        703       564       21        5         
0011+black-vehicles-in-right       315       253       18        3         
0011+black-vehicles-in-the-left    673       564       20        5         
0011+cars-in-black                 989       817       36        8         
0011+cars-in-left                  1245      1722      33        24        
0011+cars-in-light-color           713       881       39        17        
0011+cars-in-right                 780       1148      23        25        
0011+cars-in-the-counter-direction-of-ours1223      1738      35        23        
0011+cars-in-the-same-direction-of-ours922       371       27        1         
0011+cars-in-white                 722       226       27        4         
0011+cars-which-are-faster-than-ours586       206       30        1         
0011+counter-direction-cars-in-the-left1237      1704      32        23        
0011+counter-direction-vehicles-in-the-left1244      1704      29        23        
0011+left-cars-in-black            676       564       20        5         
0011+left-cars-in-light-color      454       570       26        9         
0011+left-cars-in-the-counter-direction-of-ours1241      1704      34        23        
0011+left-cars-in-white            462       200       21        3         
0011+left-cars-which-are-parking   1172      1407      33        16        
0011+left-vehicles-in-black        670       564       20        5         
0011+left-vehicles-in-light-color  453       570       28        9         
0011+left-vehicles-in-the-counter-direction-of-ours1224      1704      32        23        
0011+left-vehicles-in-white        497       200       21        3         
0011+left-vehicles-which-are-parking1185      1407      33        16        
0011+light-color-cars-in-the-left  443       570       23        9         
0011+light-color-cars-in-the-right 293       311       19        8         
0011+light-color-vehicles-in-the-left438       570       22        9         
0011+light-color-vehicles-in-the-right276       311       19        8         
0011+moving-cars                   488       661       21        12        
0011+moving-pedestrian             209       92        10        2         
0011+moving-vehicles               511       661       22        12        
0011+parking-cars                  2046      2652      50        41        
0011+parking-vehicles              2052      2652      51        41        
0011+pedestrian                    81        145       9         4         
0011+pedestrian-who-are-walking    74        92        8         2         
0011+people                        81        145       9         4         
0011+people-who-are-walking        86        92        10        2         
0011+persons                       77        145       9         4         
0011+persons-who-are-walking       80        92        9         2         
0011+right-cars-in-black           290       253       16        3         
0011+right-cars-in-light-color     285       311       18        8         
0011+right-cars-in-white           135       26        9         1         
0011+right-cars-which-are-parking  773       1082      23        22        
0011+right-vehicles-in-black       298       253       17        3         
0011+right-vehicles-in-light-color 314       311       19        8         
0011+right-vehicles-in-white       161       26        10        1         
0011+right-vehicles-which-are-parking756       1082      24        22        
0011+turning-cars                  104       30        12        1         
0011+turning-vehicles              94        30        12        1         
0011+vehicles-in-black             981       817       37        8         
0011+vehicles-in-left              1228      1722      31        24        
0011+vehicles-in-light-color       713       881       40        17        
0011+vehicles-in-right             790       1148      24        25        
0011+vehicles-in-the-counter-direction-of-ours1226      1738      33        23        
0011+vehicles-in-the-same-direction-of-ours937       371       28        1         
0011+vehicles-in-white             727       226       29        4         
0011+vehicles-which-are-faster-than-ours804       206       31        1         
0011+walking-pedestrian            171       92        9         2         
0011+white-cars-in-the-left        652       200       20        3         
0011+white-cars-in-the-right       239       26        15        1         
0011+white-vehicles-in-the-left    639       200       19        3         
0011+white-vehicles-in-the-right   231       26        15        1         
0013+cars-in-the-left              30        25        1         1         
0013+cars-in-the-right             8         6         3         1         
0013+females                       608       514       45        21        
0013+females-in-the-left           445       369       23        14        
0013+females-in-the-right          407       144       39        7         
0013+left-pedestrian-who-are-walking399       267       19        9         
0013+left-people-who-are-walking   452       267       22        9         
0013+left-persons-who-are-walking  447       267       23        9         
0013+males                         621       323       45        13        
0013+males-in-the-left             465       62        23        3         
0013+males-in-the-right            372       252       35        9         
0013+men                           670       323       46        13        
0013+men-in-the-left               451       62        24        3         
0013+men-in-the-right              358       252       34        9         
0013+moving-left-pedestrian        364       267       23        9         
0013+moving-right-pedestrian       253       279       21        11        
0013+pedestrian-in-the-left        471       460       20        20        
0013+pedestrian-in-the-right       397       444       33        21        
0013+people-in-the-left            420       460       23        20        
0013+people-in-the-right           399       444       38        21        
0013+persons-in-the-left           462       460       21        20        
0013+persons-in-the-right          385       444       37        21        
0013+right-pedestrian-who-are-walking250       279       33        11        
0013+right-people-who-are-walking  363       279       37        11        
0013+right-persons-who-are-walking 245       279       29        11        
0013+standing-females              290       179       29        10        
0013+standing-males                18        140       10        7         
0013+standing-men                  526       140       44        7         
0013+standing-women                488       179       44        10        
0013+vehicles-in-the-left          31        25        2         1         
0013+vehicles-in-the-right         8         6         3         1         
0013+walking-females               134       335       27        11        
0013+walking-males                 16        183       9         6         
0013+walking-men                   566       183       44        6         
0013+walking-women                 499       335       47        11        
0013+women                         686       514       42        21        
0013+women-carrying-a-bag          534       382       40        14        
0013+women-holding-a-bag           539       382       38        14        
0013+women-in-the-left             430       369       21        14        
0013+women-in-the-right            342       144       35        7         
COMBINED                           70296     66461     3285      1511      
